{"level":30,"time":1712460318975,"pid":1188,"hostname":"DESKTOP-4OV1VV7","msg":"Server has started and running on PORT 3001"}
{"level":50,"time":1712460318997,"pid":1188,"hostname":"DESKTOP-4OV1VV7","msg":"Database connection unsuccessful!querySrv EREFUSED _mongodb._tcp.cluster0.xxfzdsj.mongodb.net"}
{"level":30,"time":1712460413823,"pid":6792,"hostname":"DESKTOP-4OV1VV7","msg":"Server has started and running on PORT 3001"}
{"level":50,"time":1712460413845,"pid":6792,"hostname":"DESKTOP-4OV1VV7","msg":"Database connection unsuccessful!querySrv EREFUSED _mongodb._tcp.cluster0.xxfzdsj.mongodb.net"}
{"level":30,"time":1712460913416,"pid":1116,"hostname":"DESKTOP-4OV1VV7","msg":"Server has started and running on PORT 3001"}
{"level":50,"time":1712460913451,"pid":1116,"hostname":"DESKTOP-4OV1VV7","msg":"Database connection unsuccessful!querySrv EREFUSED _mongodb._tcp.cluster0.xxfzdsj.mongodb.net"}
{"level":30,"time":1712461140957,"pid":2200,"hostname":"DESKTOP-4OV1VV7","msg":"Server has started and running on PORT 3001"}
{"level":30,"time":1712461147401,"pid":2200,"hostname":"DESKTOP-4OV1VV7","msg":"Database connection success!"}
{"level":30,"time":1712461160502,"pid":2200,"hostname":"DESKTOP-4OV1VV7","msg":"[65efa0f8c5db8e447fa1adb0]: [GET] [/employee/getid] Request Received"}
{"level":30,"time":1712461175231,"pid":2200,"hostname":"DESKTOP-4OV1VV7","msg":"[65efa0f8c5db8e447fa1adb0]: [GET] [/employee/search/65efa0f8c5db8e447fa1adb0/userId] Request Received"}
{"level":30,"time":1712461183631,"pid":2200,"hostname":"DESKTOP-4OV1VV7","msg":"User Login Succcess"}
{"level":30,"time":1712461184110,"pid":2200,"hostname":"DESKTOP-4OV1VV7","msg":"[65efa0f8c5db8e447fa1adb0]: [GET] [/employee/search/65efa0f8c5db8e447fa1adb0/userId] Request Received"}
{"level":30,"time":1712461185240,"pid":2200,"hostname":"DESKTOP-4OV1VV7","msg":"[65efa0f8c5db8e447fa1adb0]: [GET] [/employee/search/65efa0f8c5db8e447fa1adb0/userId] Request Received"}
{"level":30,"time":1712461187931,"pid":2200,"hostname":"DESKTOP-4OV1VV7","msg":"[65efa0f8c5db8e447fa1adb0]: [GET] [/employee/getid] Request Received"}
{"level":30,"time":1712461189484,"pid":2200,"hostname":"DESKTOP-4OV1VV7","msg":"[65efa0f8c5db8e447fa1adb0]: [GET] [/employee/getid] Request Received"}
{"level":30,"time":1712461193467,"pid":2200,"hostname":"DESKTOP-4OV1VV7","msg":"[65efa0f8c5db8e447fa1adb0]: [GET] [/employee/search/65efa0f8c5db8e447fa1adb0/userId] Request Received"}
{"level":30,"time":1712461194144,"pid":2200,"hostname":"DESKTOP-4OV1VV7","msg":"[65efa0f8c5db8e447fa1adb0]: [GET] [/employee/search/65efa0f8c5db8e447fa1adb0/userId] Request Received"}
{"level":30,"time":1712461197107,"pid":2200,"hostname":"DESKTOP-4OV1VV7","msg":"[65efa0f8c5db8e447fa1adb0]: [GET] [/employee/getcount] Request Received"}
{"level":30,"time":1712461197748,"pid":2200,"hostname":"DESKTOP-4OV1VV7","msg":"[65efa0f8c5db8e447fa1adb0]: [GET] [/employee/getcount] Request Received"}
{"level":30,"time":1712461207803,"pid":2200,"hostname":"DESKTOP-4OV1VV7","msg":"[65efa0f8c5db8e447fa1adb0]: [GET] [/employee/search/E1000/employeeId] Request Received"}
{"level":30,"time":1712461213710,"pid":2200,"hostname":"DESKTOP-4OV1VV7","msg":"[65efa0f8c5db8e447fa1adb0]: [GET] [/employee/search/65efa0f8c5db8e447fa1adb0/userId] Request Received"}
{"level":30,"time":1712461214411,"pid":2200,"hostname":"DESKTOP-4OV1VV7","msg":"[65efa0f8c5db8e447fa1adb0]: [GET] [/employee/search/65efa0f8c5db8e447fa1adb0/userId] Request Received"}
{"level":30,"time":1712461262760,"pid":13296,"hostname":"DESKTOP-4OV1VV7","msg":"Server has started and running on PORT 3001"}
{"level":50,"time":1712461262780,"pid":13296,"hostname":"DESKTOP-4OV1VV7","msg":"Database connection unsuccessful!querySrv EREFUSED _mongodb._tcp.cluster0.xxfzdsj.mongodb.net"}
{"level":30,"time":1712461375291,"pid":4580,"hostname":"DESKTOP-4OV1VV7","msg":"Server has started and running on PORT 3001"}
{"level":50,"time":1712461377314,"pid":4580,"hostname":"DESKTOP-4OV1VV7","msg":"Database connection unsuccessful!querySrv EREFUSED _mongodb._tcp.cluster0.xxfzdsj.mongodb.net"}
{"level":30,"time":1712463960697,"pid":9016,"hostname":"DESKTOP-4OV1VV7","msg":"Server has started and running on PORT 3001"}
{"level":50,"time":1712463960721,"pid":9016,"hostname":"DESKTOP-4OV1VV7","msg":"Database connection unsuccessful!querySrv EREFUSED _mongodb._tcp.cluster0.xxfzdsj.mongodb.net"}
{"level":30,"time":1712464118497,"pid":7776,"hostname":"DESKTOP-4OV1VV7","msg":"Server has started and running on PORT 3001"}
{"level":50,"time":1712464118538,"pid":7776,"hostname":"DESKTOP-4OV1VV7","msg":"Database connection unsuccessful!querySrv EREFUSED _mongodb._tcp.cluster0.xxfzdsj.mongodb.net"}
{"level":30,"time":1712464338019,"pid":9112,"hostname":"DESKTOP-4OV1VV7","msg":"Server has started and running on PORT 3001"}
{"level":50,"time":1712464338044,"pid":9112,"hostname":"DESKTOP-4OV1VV7","msg":"Database connection unsuccessful!querySrv EREFUSED _mongodb._tcp.cluster0.xxfzdsj.mongodb.net"}
{"level":30,"time":1712464358444,"pid":8948,"hostname":"DESKTOP-4OV1VV7","msg":"Server has started and running on PORT 3001"}
{"level":50,"time":1712464358465,"pid":8948,"hostname":"DESKTOP-4OV1VV7","msg":"Database connection unsuccessful!querySrv EREFUSED _mongodb._tcp.cluster0.xxfzdsj.mongodb.net"}
{"level":30,"time":1712464475702,"pid":10700,"hostname":"DESKTOP-4OV1VV7","msg":"Server has started and running on PORT 3001"}
{"level":50,"time":1712464475723,"pid":10700,"hostname":"DESKTOP-4OV1VV7","msg":"Database connection unsuccessful!querySrv EREFUSED _mongodb._tcp.cluster0.xxfzdsj.mongodb.net"}
{"level":30,"time":1712464917335,"pid":10128,"hostname":"DESKTOP-4OV1VV7","msg":"Server has started and running on PORT 3001"}
{"level":50,"time":1712464917357,"pid":10128,"hostname":"DESKTOP-4OV1VV7","msg":"Database connection unsuccessful!querySrv EREFUSED _mongodb._tcp.cluster0.xxfzdsj.mongodb.net"}
{"level":30,"time":1712466273577,"pid":13936,"hostname":"DESKTOP-4OV1VV7","msg":"Server has started and running on PORT 3001"}
{"level":50,"time":1712466273606,"pid":13936,"hostname":"DESKTOP-4OV1VV7","msg":"Database connection unsuccessful!querySrv EREFUSED _mongodb._tcp.cluster0.xxfzdsj.mongodb.net"}
{"level":30,"time":1712994814493,"pid":12852,"hostname":"DESKTOP-4OV1VV7","msg":"Server has started and running on PORT 3001"}
{"level":30,"time":1712994817706,"pid":12852,"hostname":"DESKTOP-4OV1VV7","msg":"Database connection success!"}
{"level":30,"time":1712994820974,"pid":12852,"hostname":"DESKTOP-4OV1VV7","msg":"[65efa0f8c5db8e447fa1adb0]: [GET] [/employee/search/65efa0f8c5db8e447fa1adb0/userId] Request Received"}
{"level":30,"time":1712994821602,"pid":12852,"hostname":"DESKTOP-4OV1VV7","msg":"[65efa0f8c5db8e447fa1adb0]: [GET] [/employee/search/65efa0f8c5db8e447fa1adb0/userId] Request Received"}
{"level":30,"time":1712994862294,"pid":12852,"hostname":"DESKTOP-4OV1VV7","msg":"Stock create successful"}
{"level":30,"time":1712994939571,"pid":12852,"hostname":"DESKTOP-4OV1VV7","msg":"Stock 1001 deleted successfully"}
{"level":30,"time":1712994952732,"pid":12852,"hostname":"DESKTOP-4OV1VV7","msg":"[65efa0f8c5db8e447fa1adb0]: [GET] [/employee/search/65efa0f8c5db8e447fa1adb0/userId] Request Received"}
{"level":30,"time":1712994953330,"pid":12852,"hostname":"DESKTOP-4OV1VV7","msg":"[65efa0f8c5db8e447fa1adb0]: [GET] [/employee/search/65efa0f8c5db8e447fa1adb0/userId] Request Received"}
{"level":30,"time":1712995009286,"pid":12852,"hostname":"DESKTOP-4OV1VV7","msg":"Stock 1001 deleted successfully"}
{"level":30,"time":1712995129122,"pid":10716,"hostname":"DESKTOP-4OV1VV7","msg":"Server has started and running on PORT 3001"}
{"level":30,"time":1712995132298,"pid":10716,"hostname":"DESKTOP-4OV1VV7","msg":"Database connection success!"}
{"level":30,"time":1712995139618,"pid":10716,"hostname":"DESKTOP-4OV1VV7","msg":"[65efa0f8c5db8e447fa1adb0]: [GET] [/employee/search/65efa0f8c5db8e447fa1adb0/userId] Request Received"}
{"level":30,"time":1712995140210,"pid":10716,"hostname":"DESKTOP-4OV1VV7","msg":"[65efa0f8c5db8e447fa1adb0]: [GET] [/employee/search/65efa0f8c5db8e447fa1adb0/userId] Request Received"}
{"level":30,"time":1712995145647,"pid":10716,"hostname":"DESKTOP-4OV1VV7","msg":null}
{"level":30,"time":1712995145647,"pid":10716,"hostname":"DESKTOP-4OV1VV7","msg":"Stock 1001 deleted successfully"}
{"level":30,"time":1712995309005,"pid":10716,"hostname":"DESKTOP-4OV1VV7","$__":{"activePaths":{"paths":{"minimumQty":"init","qty":"init","description":"init","value":"init","name":"init","equipmentId":"init","_id":"init","__v":"init"},"states":{"require":{},"init":{"_id":true,"equipmentId":true,"name":true,"value":true,"description":true,"qty":true,"minimumQty":true,"__v":true}}},"skipId":true},"$isNew":false,"_doc":{"_id":"661a3a2df7e7259be6fe5088","equipmentId":1003,"name":"Brick","value":100,"description":"Bricks","qty":1000,"minimumQty":500,"__v":0}}
{"level":30,"time":1712995309008,"pid":10716,"hostname":"DESKTOP-4OV1VV7","msg":"Stock 1003 deleted successfully"}
{"level":30,"time":1712995337027,"pid":10716,"hostname":"DESKTOP-4OV1VV7","msg":"[65efa0f8c5db8e447fa1adb0]: [GET] [/employee/search/65efa0f8c5db8e447fa1adb0/userId] Request Received"}
{"level":30,"time":1712995337598,"pid":10716,"hostname":"DESKTOP-4OV1VV7","msg":"[65efa0f8c5db8e447fa1adb0]: [GET] [/employee/search/65efa0f8c5db8e447fa1adb0/userId] Request Received"}
{"level":30,"time":1712995358328,"pid":10716,"hostname":"DESKTOP-4OV1VV7","msg":"Stock create successful"}
{"level":30,"time":1712995564956,"pid":10716,"hostname":"DESKTOP-4OV1VV7","msg":"[65efa0f8c5db8e447fa1adb0]: [GET] [/employee/search/65efa0f8c5db8e447fa1adb0/userId] Request Received"}
{"level":30,"time":1712995565554,"pid":10716,"hostname":"DESKTOP-4OV1VV7","msg":"[65efa0f8c5db8e447fa1adb0]: [GET] [/employee/search/65efa0f8c5db8e447fa1adb0/userId] Request Received"}
{"level":50,"time":1712995888636,"pid":10716,"hostname":"DESKTOP-4OV1VV7","err":{"type":"MongoServerSelectionError","message":"getaddrinfo ENOTFOUND ac-vdbqxok-shard-00-00.xxfzdsj.mongodb.net: getaddrinfo ENOTFOUND ac-vdbqxok-shard-00-00.xxfzdsj.mongodb.net: getaddrinfo ENOTFOUND ac-vdbqxok-shard-00-00.xxfzdsj.mongodb.net","stack":"MongoServerSelectionError: getaddrinfo ENOTFOUND ac-vdbqxok-shard-00-00.xxfzdsj.mongodb.net\n    at EventTarget.<anonymous> (E:\\Projects\\Main Projects\\Apex-Construction\\server\\node_modules\\mongodb\\lib\\sdam\\topology.js:276:34)\n    at [nodejs.internal.kHybridDispatch] (node:internal/event_target:826:20)\n    at EventTarget.dispatchEvent (node:internal/event_target:761:26)\n    at abortSignal (node:internal/abort_controller:371:10)\n    at TimeoutController.abort (node:internal/abort_controller:393:5)\n    at Timeout.<anonymous> (E:\\Projects\\Main Projects\\Apex-Construction\\server\\node_modules\\mongodb\\lib\\utils.js:1011:92)\n    at listOnTimeout (node:internal/timers:573:17)\n    at process.processTimers (node:internal/timers:514:7)\ncaused by: MongoNetworkError: getaddrinfo ENOTFOUND ac-vdbqxok-shard-00-00.xxfzdsj.mongodb.net\n    at connectionFailureError (E:\\Projects\\Main Projects\\Apex-Construction\\server\\node_modules\\mongodb\\lib\\cmap\\connect.js:379:20)\n    at TLSSocket.<anonymous> (E:\\Projects\\Main Projects\\Apex-Construction\\server\\node_modules\\mongodb\\lib\\cmap\\connect.js:285:22)\n    at Object.onceWrapper (node:events:633:26)\n    at TLSSocket.emit (node:events:518:28)\n    at emitErrorNT (node:internal/streams/destroy:169:8)\n    at emitErrorCloseNT (node:internal/streams/destroy:128:3)\n    at process.processTicksAndRejections (node:internal/process/task_queues:82:21)\ncaused by: Error: getaddrinfo ENOTFOUND ac-vdbqxok-shard-00-00.xxfzdsj.mongodb.net\n    at GetAddrInfoReqWrap.onlookupall [as oncomplete] (node:dns:118:26)","reason":{"type":"ReplicaSetNoPrimary","servers":{},"stale":false,"compatible":true,"heartbeatFrequencyMS":10000,"localThresholdMS":15,"setName":"atlas-m5echd-shard-0","maxElectionId":"7fffffff0000000000000052","maxSetVersion":4,"commonWireVersion":0,"logicalSessionTimeoutMinutes":null}},"msg":"getaddrinfo ENOTFOUND ac-vdbqxok-shard-00-00.xxfzdsj.mongodb.net"}
{"level":50,"time":1712995888639,"pid":10716,"hostname":"DESKTOP-4OV1VV7","msg":"Error getting Stock"}
{"level":50,"time":1712995888640,"pid":10716,"hostname":"DESKTOP-4OV1VV7","msg":"Error getting StockId"}
{"level":50,"time":1712995965229,"pid":10716,"hostname":"DESKTOP-4OV1VV7","msg":"Error getting StockId"}
{"level":50,"time":1712995965231,"pid":10716,"hostname":"DESKTOP-4OV1VV7","err":{"type":"MongoServerSelectionError","message":"getaddrinfo ENOTFOUND ac-vdbqxok-shard-00-00.xxfzdsj.mongodb.net: getaddrinfo ENOTFOUND ac-vdbqxok-shard-00-00.xxfzdsj.mongodb.net: getaddrinfo ENOTFOUND ac-vdbqxok-shard-00-00.xxfzdsj.mongodb.net","stack":"MongoServerSelectionError: getaddrinfo ENOTFOUND ac-vdbqxok-shard-00-00.xxfzdsj.mongodb.net\n    at EventTarget.<anonymous> (E:\\Projects\\Main Projects\\Apex-Construction\\server\\node_modules\\mongodb\\lib\\sdam\\topology.js:276:34)\n    at [nodejs.internal.kHybridDispatch] (node:internal/event_target:826:20)\n    at EventTarget.dispatchEvent (node:internal/event_target:761:26)\n    at abortSignal (node:internal/abort_controller:371:10)\n    at TimeoutController.abort (node:internal/abort_controller:393:5)\n    at Timeout.<anonymous> (E:\\Projects\\Main Projects\\Apex-Construction\\server\\node_modules\\mongodb\\lib\\utils.js:1011:92)\n    at listOnTimeout (node:internal/timers:573:17)\n    at process.processTimers (node:internal/timers:514:7)\ncaused by: MongoNetworkError: getaddrinfo ENOTFOUND ac-vdbqxok-shard-00-00.xxfzdsj.mongodb.net\n    at connectionFailureError (E:\\Projects\\Main Projects\\Apex-Construction\\server\\node_modules\\mongodb\\lib\\cmap\\connect.js:379:20)\n    at TLSSocket.<anonymous> (E:\\Projects\\Main Projects\\Apex-Construction\\server\\node_modules\\mongodb\\lib\\cmap\\connect.js:285:22)\n    at Object.onceWrapper (node:events:633:26)\n    at TLSSocket.emit (node:events:518:28)\n    at emitErrorNT (node:internal/streams/destroy:169:8)\n    at emitErrorCloseNT (node:internal/streams/destroy:128:3)\n    at process.processTicksAndRejections (node:internal/process/task_queues:82:21)\ncaused by: Error: getaddrinfo ENOTFOUND ac-vdbqxok-shard-00-00.xxfzdsj.mongodb.net\n    at GetAddrInfoReqWrap.onlookupall [as oncomplete] (node:dns:118:26)","reason":{"type":"ReplicaSetNoPrimary","servers":{},"stale":false,"compatible":true,"heartbeatFrequencyMS":10000,"localThresholdMS":15,"setName":"atlas-m5echd-shard-0","maxElectionId":"7fffffff0000000000000052","maxSetVersion":4,"commonWireVersion":0,"logicalSessionTimeoutMinutes":null}},"msg":"getaddrinfo ENOTFOUND ac-vdbqxok-shard-00-00.xxfzdsj.mongodb.net"}
{"level":50,"time":1712995965232,"pid":10716,"hostname":"DESKTOP-4OV1VV7","msg":"Error getting Stock"}
{"level":30,"time":1712996074553,"pid":10716,"hostname":"DESKTOP-4OV1VV7","msg":"Stock update successful"}
{"level":30,"time":1712996082723,"pid":10716,"hostname":"DESKTOP-4OV1VV7","msg":"Stock update successful"}
{"level":30,"time":1712996184488,"pid":10716,"hostname":"DESKTOP-4OV1VV7","msg":"Stock update successful"}
{"level":30,"time":1712996191038,"pid":10716,"hostname":"DESKTOP-4OV1VV7","msg":"Stock update successful"}
